[2019-06-24 06:58:01] main.DEBUG: cache_invalidate:  {"method":"POST","url":"http://localhost/venus/setup/index.php/install/start","invalidateInfo":{"tags":["CONFIG"],"mode":"matchingTag"},"is_exception":false} []
[2019-06-24 06:58:01] main.DEBUG: cache_invalidate:  {"method":"POST","url":"http://localhost/venus/setup/index.php/install/start","invalidateInfo":{"tags":["LAYOUT_GENERAL_CACHE_TAG"],"mode":"matchingTag"},"is_exception":false} []
[2019-06-24 06:58:02] main.DEBUG: cache_invalidate:  {"method":"POST","url":"http://localhost/venus/setup/index.php/install/start","invalidateInfo":{"tags":["BLOCK_HTML"],"mode":"matchingTag"},"is_exception":false} []
[2019-06-24 06:58:02] main.DEBUG: cache_invalidate:  {"method":"POST","url":"http://localhost/venus/setup/index.php/install/start","invalidateInfo":{"tags":["COLLECTION_DATA"],"mode":"matchingTag"},"is_exception":false} []
[2019-06-24 06:58:02] main.DEBUG: cache_invalidate:  {"method":"POST","url":"http://localhost/venus/setup/index.php/install/start","invalidateInfo":{"tags":["REFLECTION"],"mode":"matchingTag"},"is_exception":false} []
[2019-06-24 06:58:02] main.DEBUG: cache_invalidate:  {"method":"POST","url":"http://localhost/venus/setup/index.php/install/start","invalidateInfo":{"tags":["DB_DDL"],"mode":"matchingTag"},"is_exception":false} []
[2019-06-24 06:58:02] main.DEBUG: cache_invalidate:  {"method":"POST","url":"http://localhost/venus/setup/index.php/install/start","invalidateInfo":{"tags":["EAV"],"mode":"matchingTag"},"is_exception":false} []
[2019-06-24 06:58:02] main.DEBUG: cache_invalidate:  {"method":"POST","url":"http://localhost/venus/setup/index.php/install/start","invalidateInfo":{"tags":["CUSTOMER_NOTIFICATION"],"mode":"matchingTag"},"is_exception":false} []
[2019-06-24 06:58:02] main.DEBUG: cache_invalidate:  {"method":"POST","url":"http://localhost/venus/setup/index.php/install/start","invalidateInfo":{"tags":["FPC"],"mode":"matchingTag"},"is_exception":false} []
[2019-06-24 06:58:02] main.DEBUG: cache_invalidate:  {"method":"POST","url":"http://localhost/venus/setup/index.php/install/start","invalidateInfo":{"tags":["INTEGRATION"],"mode":"matchingTag"},"is_exception":false} []
[2019-06-24 06:58:02] main.DEBUG: cache_invalidate:  {"method":"POST","url":"http://localhost/venus/setup/index.php/install/start","invalidateInfo":{"tags":["INTEGRATION_API_CONFIG"],"mode":"matchingTag"},"is_exception":false} []
[2019-06-24 06:58:02] main.DEBUG: cache_invalidate:  {"method":"POST","url":"http://localhost/venus/setup/index.php/install/start","invalidateInfo":{"tags":["TRANSLATE"],"mode":"matchingTag"},"is_exception":false} []
[2019-06-24 06:58:02] main.DEBUG: cache_invalidate:  {"method":"POST","url":"http://localhost/venus/setup/index.php/install/start","invalidateInfo":{"tags":["WEBSERVICE"],"mode":"matchingTag"},"is_exception":false} []
[2019-06-24 06:58:10] main.DEBUG: cache_invalidate:  {"method":"POST","url":"http://localhost/venus/setup/index.php/install/start","invalidateInfo":{"identifier":"DB_PDO_MYSQL_DDL_customer_grid_flat_1"},"is_exception":false} []
[2019-06-24 06:58:10] main.DEBUG: cache_invalidate:  {"method":"POST","url":"http://localhost/venus/setup/index.php/install/start","invalidateInfo":{"identifier":"DB_PDO_MYSQL_DDL_customer_grid_flat_2"},"is_exception":false} []
[2019-06-24 06:58:10] main.DEBUG: cache_invalidate:  {"method":"POST","url":"http://localhost/venus/setup/index.php/install/start","invalidateInfo":{"identifier":"DB_PDO_MYSQL_DDL_customer_grid_flat_3"},"is_exception":false} []
[2019-06-24 06:58:10] main.DEBUG: cache_invalidate:  {"method":"POST","url":"http://localhost/venus/setup/index.php/install/start","invalidateInfo":{"identifier":"DB_PDO_MYSQL_DDL_customer_grid_flat_4"},"is_exception":false} []
[2019-06-24 06:58:11] main.DEBUG: cache_invalidate:  {"method":"POST","url":"http://localhost/venus/setup/index.php/install/start","invalidateInfo":{"identifier":"DB_PDO_MYSQL_DDL_customer_grid_flat_1"},"is_exception":false} []
[2019-06-24 06:58:11] main.DEBUG: cache_invalidate:  {"method":"POST","url":"http://localhost/venus/setup/index.php/install/start","invalidateInfo":{"identifier":"DB_PDO_MYSQL_DDL_customer_grid_flat_2"},"is_exception":false} []
[2019-06-24 06:58:11] main.DEBUG: cache_invalidate:  {"method":"POST","url":"http://localhost/venus/setup/index.php/install/start","invalidateInfo":{"identifier":"DB_PDO_MYSQL_DDL_customer_grid_flat_3"},"is_exception":false} []
[2019-06-24 06:58:11] main.DEBUG: cache_invalidate:  {"method":"POST","url":"http://localhost/venus/setup/index.php/install/start","invalidateInfo":{"identifier":"DB_PDO_MYSQL_DDL_customer_grid_flat_4"},"is_exception":false} []
[2019-06-24 06:58:13] main.DEBUG: cache_invalidate:  {"method":"POST","url":"http://localhost/venus/setup/index.php/install/start","invalidateInfo":{"tags":["EAV","EAV_ATTRIBUTE"],"mode":"matchingAnyTag"},"is_exception":false} []
[2019-06-24 06:58:14] main.DEBUG: cache_invalidate:  {"method":"POST","url":"http://localhost/venus/setup/index.php/install/start","invalidateInfo":{"tags":["EAV","EAV_ATTRIBUTE"],"mode":"matchingAnyTag"},"is_exception":false} []
[2019-06-24 06:58:17] main.DEBUG: cache_invalidate:  {"method":"POST","url":"http://localhost/venus/setup/index.php/install/start","invalidateInfo":{"tags":["CONFIG"],"mode":"matchingTag"},"is_exception":false} []
[2019-06-24 06:58:17] main.DEBUG: cache_invalidate:  {"method":"POST","url":"http://localhost/venus/setup/index.php/install/start","invalidateInfo":{"tags":["LAYOUT_GENERAL_CACHE_TAG"],"mode":"matchingTag"},"is_exception":false} []
[2019-06-24 06:58:17] main.DEBUG: cache_invalidate:  {"method":"POST","url":"http://localhost/venus/setup/index.php/install/start","invalidateInfo":{"tags":["BLOCK_HTML"],"mode":"matchingTag"},"is_exception":false} []
[2019-06-24 06:58:17] main.DEBUG: cache_invalidate:  {"method":"POST","url":"http://localhost/venus/setup/index.php/install/start","invalidateInfo":{"tags":["COLLECTION_DATA"],"mode":"matchingTag"},"is_exception":false} []
[2019-06-24 06:58:17] main.DEBUG: cache_invalidate:  {"method":"POST","url":"http://localhost/venus/setup/index.php/install/start","invalidateInfo":{"tags":["REFLECTION"],"mode":"matchingTag"},"is_exception":false} []
[2019-06-24 06:58:17] main.DEBUG: cache_invalidate:  {"method":"POST","url":"http://localhost/venus/setup/index.php/install/start","invalidateInfo":{"tags":["DB_DDL"],"mode":"matchingTag"},"is_exception":false} []
[2019-06-24 06:58:17] main.DEBUG: cache_invalidate:  {"method":"POST","url":"http://localhost/venus/setup/index.php/install/start","invalidateInfo":{"tags":["EAV"],"mode":"matchingTag"},"is_exception":false} []
[2019-06-24 06:58:17] main.DEBUG: cache_invalidate:  {"method":"POST","url":"http://localhost/venus/setup/index.php/install/start","invalidateInfo":{"tags":["CUSTOMER_NOTIFICATION"],"mode":"matchingTag"},"is_exception":false} []
[2019-06-24 06:58:17] main.DEBUG: cache_invalidate:  {"method":"POST","url":"http://localhost/venus/setup/index.php/install/start","invalidateInfo":{"tags":["FPC"],"mode":"matchingTag"},"is_exception":false} []
[2019-06-24 06:58:17] main.DEBUG: cache_invalidate:  {"method":"POST","url":"http://localhost/venus/setup/index.php/install/start","invalidateInfo":{"tags":["INTEGRATION"],"mode":"matchingTag"},"is_exception":false} []
[2019-06-24 06:58:17] main.DEBUG: cache_invalidate:  {"method":"POST","url":"http://localhost/venus/setup/index.php/install/start","invalidateInfo":{"tags":["INTEGRATION_API_CONFIG"],"mode":"matchingTag"},"is_exception":false} []
[2019-06-24 06:58:17] main.DEBUG: cache_invalidate:  {"method":"POST","url":"http://localhost/venus/setup/index.php/install/start","invalidateInfo":{"tags":["TRANSLATE"],"mode":"matchingTag"},"is_exception":false} []
[2019-06-24 06:58:17] main.DEBUG: cache_invalidate:  {"method":"POST","url":"http://localhost/venus/setup/index.php/install/start","invalidateInfo":{"tags":["WEBSERVICE"],"mode":"matchingTag"},"is_exception":false} []
[2019-06-24 06:58:25] main.DEBUG: cache_invalidate:  {"method":"GET","url":"http://localhost/venus/setup/index.php/success","invalidateInfo":{"tags":["interception","CONFIG"],"mode":"matchingTag"},"is_exception":false} []
[2019-06-24 07:03:33] main.DEBUG: cache_invalidate:  {"method":"POST","url":"http://127.0.1.1/venus/admin/admin/index/index/key/8af900d7410089212098aad9c5514e889657c65369dfdc6fd53ad7f33b8876e4/","invalidateInfo":{"tags":["BACKEND_MAINMENU"],"mode":"matchingAnyTag"},"is_exception":false} []
[2019-06-24 07:10:56] main.DEBUG: cache_invalidate:  {"method":"GET","url":"http:/","invalidateInfo":{"identifier":"DB_PDO_MYSQL_DDL_design_config_grid_flat_1"},"is_exception":false} []
[2019-06-24 07:10:56] main.DEBUG: cache_invalidate:  {"method":"GET","url":"http:/","invalidateInfo":{"identifier":"DB_PDO_MYSQL_DDL_design_config_grid_flat_2"},"is_exception":false} []
[2019-06-24 07:10:56] main.DEBUG: cache_invalidate:  {"method":"GET","url":"http:/","invalidateInfo":{"identifier":"DB_PDO_MYSQL_DDL_design_config_grid_flat_3"},"is_exception":false} []
[2019-06-24 07:10:56] main.DEBUG: cache_invalidate:  {"method":"GET","url":"http:/","invalidateInfo":{"identifier":"DB_PDO_MYSQL_DDL_design_config_grid_flat_4"},"is_exception":false} []
[2019-06-24 07:10:57] main.DEBUG: cache_invalidate:  {"method":"GET","url":"http:/","invalidateInfo":{"identifier":"DB_PDO_MYSQL_DDL_design_config_grid_flat_1"},"is_exception":false} []
[2019-06-24 07:10:57] main.DEBUG: cache_invalidate:  {"method":"GET","url":"http:/","invalidateInfo":{"identifier":"DB_PDO_MYSQL_DDL_design_config_grid_flat_2"},"is_exception":false} []
[2019-06-24 07:10:57] main.DEBUG: cache_invalidate:  {"method":"GET","url":"http:/","invalidateInfo":{"identifier":"DB_PDO_MYSQL_DDL_design_config_grid_flat_3"},"is_exception":false} []
[2019-06-24 07:10:57] main.DEBUG: cache_invalidate:  {"method":"GET","url":"http:/","invalidateInfo":{"identifier":"DB_PDO_MYSQL_DDL_design_config_grid_flat_4"},"is_exception":false} []
[2019-06-24 07:11:00] main.DEBUG: cache_invalidate:  {"method":"GET","url":"http:/","invalidateInfo":{"identifier":"DB_PDO_MYSQL_DDL_customer_grid_flat_1"},"is_exception":false} []
[2019-06-24 07:11:00] main.DEBUG: cache_invalidate:  {"method":"GET","url":"http:/","invalidateInfo":{"identifier":"DB_PDO_MYSQL_DDL_customer_grid_flat_2"},"is_exception":false} []
[2019-06-24 07:11:00] main.DEBUG: cache_invalidate:  {"method":"GET","url":"http:/","invalidateInfo":{"identifier":"DB_PDO_MYSQL_DDL_customer_grid_flat_3"},"is_exception":false} []
[2019-06-24 07:11:00] main.DEBUG: cache_invalidate:  {"method":"GET","url":"http:/","invalidateInfo":{"identifier":"DB_PDO_MYSQL_DDL_customer_grid_flat_4"},"is_exception":false} []
[2019-06-24 07:11:01] main.DEBUG: cache_invalidate:  {"method":"GET","url":"http:/","invalidateInfo":{"identifier":"DB_PDO_MYSQL_DDL_customer_grid_flat_1"},"is_exception":false} []
[2019-06-24 07:11:01] main.DEBUG: cache_invalidate:  {"method":"GET","url":"http:/","invalidateInfo":{"identifier":"DB_PDO_MYSQL_DDL_customer_grid_flat_2"},"is_exception":false} []
[2019-06-24 07:11:01] main.DEBUG: cache_invalidate:  {"method":"GET","url":"http:/","invalidateInfo":{"identifier":"DB_PDO_MYSQL_DDL_customer_grid_flat_3"},"is_exception":false} []
[2019-06-24 07:11:01] main.DEBUG: cache_invalidate:  {"method":"GET","url":"http:/","invalidateInfo":{"identifier":"DB_PDO_MYSQL_DDL_customer_grid_flat_4"},"is_exception":false} []
[2019-06-24 07:11:15] main.DEBUG: cache_invalidate:  {"method":"GET","url":"http:/","invalidateInfo":{"tags":["catalog_category","FPC"],"mode":"matchingTag"},"is_exception":false} []
[2019-06-24 07:11:15] main.DEBUG: cache_invalidate:  {"method":"GET","url":"http:/","invalidateInfo":{"tags":["catalog_product","FPC"],"mode":"matchingTag"},"is_exception":false} []
[2019-06-24 07:11:15] main.DEBUG: cache_invalidate:  {"method":"GET","url":"http:/","invalidateInfo":{"tags":["BLOCK_HTML","FPC"],"mode":"matchingTag"},"is_exception":false} []
[2019-06-24 07:11:15] main.DEBUG: cache_invalidate:  {"method":"GET","url":"http:/","invalidateInfo":{"tags":["catalog_category","catalog_product","BLOCK_HTML"],"mode":"matchingAnyTag"},"is_exception":false} []
[2019-06-24 07:11:17] main.DEBUG: cache_invalidate:  {"method":"GET","url":"http:/","invalidateInfo":{"identifier":"DB_PDO_MYSQL_DDL_catalogsearch_fulltext_scope1_1"},"is_exception":false} []
[2019-06-24 07:11:17] main.DEBUG: cache_invalidate:  {"method":"GET","url":"http:/","invalidateInfo":{"identifier":"DB_PDO_MYSQL_DDL_catalogsearch_fulltext_scope1_2"},"is_exception":false} []
[2019-06-24 07:11:17] main.DEBUG: cache_invalidate:  {"method":"GET","url":"http:/","invalidateInfo":{"identifier":"DB_PDO_MYSQL_DDL_catalogsearch_fulltext_scope1_3"},"is_exception":false} []
[2019-06-24 07:11:17] main.DEBUG: cache_invalidate:  {"method":"GET","url":"http:/","invalidateInfo":{"identifier":"DB_PDO_MYSQL_DDL_catalogsearch_fulltext_scope1_4"},"is_exception":false} []
[2019-06-24 07:11:17] main.DEBUG: cache_invalidate:  {"method":"GET","url":"http:/","invalidateInfo":{"identifier":"DB_PDO_MYSQL_DDL_catalogsearch_fulltext_scope1_1"},"is_exception":false} []
[2019-06-24 07:11:17] main.DEBUG: cache_invalidate:  {"method":"GET","url":"http:/","invalidateInfo":{"identifier":"DB_PDO_MYSQL_DDL_catalogsearch_fulltext_scope1_2"},"is_exception":false} []
[2019-06-24 07:11:17] main.DEBUG: cache_invalidate:  {"method":"GET","url":"http:/","invalidateInfo":{"identifier":"DB_PDO_MYSQL_DDL_catalogsearch_fulltext_scope1_3"},"is_exception":false} []
[2019-06-24 07:11:17] main.DEBUG: cache_invalidate:  {"method":"GET","url":"http:/","invalidateInfo":{"identifier":"DB_PDO_MYSQL_DDL_catalogsearch_fulltext_scope1_4"},"is_exception":false} []
[2019-06-24 07:11:27] main.DEBUG: cache_invalidate:  {"method":"GET","url":"http:/","invalidateInfo":{"identifier":"DB_PDO_MYSQL_DDL_catalogsearch_fulltext_scope12_1"},"is_exception":false} []
[2019-06-24 07:11:27] main.DEBUG: cache_invalidate:  {"method":"GET","url":"http:/","invalidateInfo":{"identifier":"DB_PDO_MYSQL_DDL_catalogsearch_fulltext_scope12_2"},"is_exception":false} []
[2019-06-24 07:11:27] main.DEBUG: cache_invalidate:  {"method":"GET","url":"http:/","invalidateInfo":{"identifier":"DB_PDO_MYSQL_DDL_catalogsearch_fulltext_scope12_3"},"is_exception":false} []
[2019-06-24 07:11:27] main.DEBUG: cache_invalidate:  {"method":"GET","url":"http:/","invalidateInfo":{"identifier":"DB_PDO_MYSQL_DDL_catalogsearch_fulltext_scope12_4"},"is_exception":false} []
[2019-06-24 07:11:27] main.DEBUG: cache_invalidate:  {"method":"GET","url":"http:/","invalidateInfo":{"identifier":"DB_PDO_MYSQL_DDL_catalogsearch_fulltext_scope12_1"},"is_exception":false} []
[2019-06-24 07:11:27] main.DEBUG: cache_invalidate:  {"method":"GET","url":"http:/","invalidateInfo":{"identifier":"DB_PDO_MYSQL_DDL_catalogsearch_fulltext_scope12_2"},"is_exception":false} []
[2019-06-24 07:11:27] main.DEBUG: cache_invalidate:  {"method":"GET","url":"http:/","invalidateInfo":{"identifier":"DB_PDO_MYSQL_DDL_catalogsearch_fulltext_scope12_3"},"is_exception":false} []
[2019-06-24 07:11:27] main.DEBUG: cache_invalidate:  {"method":"GET","url":"http:/","invalidateInfo":{"identifier":"DB_PDO_MYSQL_DDL_catalogsearch_fulltext_scope12_4"},"is_exception":false} []
[2019-06-24 07:11:30] main.DEBUG: cache_invalidate:  {"method":"GET","url":"http:/","invalidateInfo":{"identifier":"DB_PDO_MYSQL_DDL_catalogsearch_fulltext_scope13_1"},"is_exception":false} []
[2019-06-24 07:11:30] main.DEBUG: cache_invalidate:  {"method":"GET","url":"http:/","invalidateInfo":{"identifier":"DB_PDO_MYSQL_DDL_catalogsearch_fulltext_scope13_2"},"is_exception":false} []
[2019-06-24 07:11:30] main.DEBUG: cache_invalidate:  {"method":"GET","url":"http:/","invalidateInfo":{"identifier":"DB_PDO_MYSQL_DDL_catalogsearch_fulltext_scope13_3"},"is_exception":false} []
[2019-06-24 07:11:30] main.DEBUG: cache_invalidate:  {"method":"GET","url":"http:/","invalidateInfo":{"identifier":"DB_PDO_MYSQL_DDL_catalogsearch_fulltext_scope13_4"},"is_exception":false} []
[2019-06-24 07:11:32] main.DEBUG: cache_invalidate:  {"method":"GET","url":"http:/","invalidateInfo":{"identifier":"DB_PDO_MYSQL_DDL_catalogsearch_fulltext_scope13_1"},"is_exception":false} []
[2019-06-24 07:11:32] main.DEBUG: cache_invalidate:  {"method":"GET","url":"http:/","invalidateInfo":{"identifier":"DB_PDO_MYSQL_DDL_catalogsearch_fulltext_scope13_2"},"is_exception":false} []
[2019-06-24 07:11:32] main.DEBUG: cache_invalidate:  {"method":"GET","url":"http:/","invalidateInfo":{"identifier":"DB_PDO_MYSQL_DDL_catalogsearch_fulltext_scope13_3"},"is_exception":false} []
[2019-06-24 07:11:32] main.DEBUG: cache_invalidate:  {"method":"GET","url":"http:/","invalidateInfo":{"identifier":"DB_PDO_MYSQL_DDL_catalogsearch_fulltext_scope13_4"},"is_exception":false} []
[2019-06-24 07:11:34] main.DEBUG: cache_invalidate:  {"method":"GET","url":"http:/","invalidateInfo":{"identifier":"DB_PDO_MYSQL_DDL_catalogsearch_fulltext_scope8_1"},"is_exception":false} []
[2019-06-24 07:11:34] main.DEBUG: cache_invalidate:  {"method":"GET","url":"http:/","invalidateInfo":{"identifier":"DB_PDO_MYSQL_DDL_catalogsearch_fulltext_scope8_2"},"is_exception":false} []
[2019-06-24 07:11:34] main.DEBUG: cache_invalidate:  {"method":"GET","url":"http:/","invalidateInfo":{"identifier":"DB_PDO_MYSQL_DDL_catalogsearch_fulltext_scope8_3"},"is_exception":false} []
[2019-06-24 07:11:34] main.DEBUG: cache_invalidate:  {"method":"GET","url":"http:/","invalidateInfo":{"identifier":"DB_PDO_MYSQL_DDL_catalogsearch_fulltext_scope8_4"},"is_exception":false} []
[2019-06-24 07:11:35] main.DEBUG: cache_invalidate:  {"method":"GET","url":"http:/","invalidateInfo":{"identifier":"DB_PDO_MYSQL_DDL_catalogsearch_fulltext_scope8_1"},"is_exception":false} []
[2019-06-24 07:11:35] main.DEBUG: cache_invalidate:  {"method":"GET","url":"http:/","invalidateInfo":{"identifier":"DB_PDO_MYSQL_DDL_catalogsearch_fulltext_scope8_2"},"is_exception":false} []
[2019-06-24 07:11:35] main.DEBUG: cache_invalidate:  {"method":"GET","url":"http:/","invalidateInfo":{"identifier":"DB_PDO_MYSQL_DDL_catalogsearch_fulltext_scope8_3"},"is_exception":false} []
[2019-06-24 07:11:35] main.DEBUG: cache_invalidate:  {"method":"GET","url":"http:/","invalidateInfo":{"identifier":"DB_PDO_MYSQL_DDL_catalogsearch_fulltext_scope8_4"},"is_exception":false} []
[2019-06-24 07:11:35] main.DEBUG: cache_invalidate:  {"method":"GET","url":"http:/","invalidateInfo":{"identifier":"DB_PDO_MYSQL_DDL_catalogsearch_fulltext_scope14_1"},"is_exception":false} []
[2019-06-24 07:11:35] main.DEBUG: cache_invalidate:  {"method":"GET","url":"http:/","invalidateInfo":{"identifier":"DB_PDO_MYSQL_DDL_catalogsearch_fulltext_scope14_2"},"is_exception":false} []
[2019-06-24 07:11:35] main.DEBUG: cache_invalidate:  {"method":"GET","url":"http:/","invalidateInfo":{"identifier":"DB_PDO_MYSQL_DDL_catalogsearch_fulltext_scope14_3"},"is_exception":false} []
[2019-06-24 07:11:35] main.DEBUG: cache_invalidate:  {"method":"GET","url":"http:/","invalidateInfo":{"identifier":"DB_PDO_MYSQL_DDL_catalogsearch_fulltext_scope14_4"},"is_exception":false} []
[2019-06-24 07:11:36] main.DEBUG: cache_invalidate:  {"method":"GET","url":"http:/","invalidateInfo":{"identifier":"DB_PDO_MYSQL_DDL_catalogsearch_fulltext_scope14_1"},"is_exception":false} []
[2019-06-24 07:11:36] main.DEBUG: cache_invalidate:  {"method":"GET","url":"http:/","invalidateInfo":{"identifier":"DB_PDO_MYSQL_DDL_catalogsearch_fulltext_scope14_2"},"is_exception":false} []
[2019-06-24 07:11:36] main.DEBUG: cache_invalidate:  {"method":"GET","url":"http:/","invalidateInfo":{"identifier":"DB_PDO_MYSQL_DDL_catalogsearch_fulltext_scope14_3"},"is_exception":false} []
[2019-06-24 07:11:36] main.DEBUG: cache_invalidate:  {"method":"GET","url":"http:/","invalidateInfo":{"identifier":"DB_PDO_MYSQL_DDL_catalogsearch_fulltext_scope14_4"},"is_exception":false} []
[2019-06-24 07:11:36] main.DEBUG: cache_invalidate:  {"method":"GET","url":"http:/","invalidateInfo":{"identifier":"request_declaration"},"is_exception":false} []
[2019-06-24 07:12:13] main.DEBUG: cache_invalidate:  {"method":"GET","url":"http://127.0.1.1/venus/admin/admin/cache/flushSystem/key/ea40f93f599cad1c2940aab4c990efb1de7f296d5b10f10bc26fbc4a85e678a7/","invalidateInfo":{"tags":[],"mode":"all"},"is_exception":false} []
[2019-06-24 07:12:13] main.DEBUG: cache_invalidate:  {"method":"GET","url":"http://127.0.1.1/venus/admin/admin/cache/flushSystem/key/ea40f93f599cad1c2940aab4c990efb1de7f296d5b10f10bc26fbc4a85e678a7/","invalidateInfo":{"tags":[],"mode":"all"},"is_exception":false} []
[2019-06-24 07:12:13] main.DEBUG: cache_invalidate:  {"method":"GET","url":"http://127.0.1.1/venus/admin/admin/cache/flushSystem/key/ea40f93f599cad1c2940aab4c990efb1de7f296d5b10f10bc26fbc4a85e678a7/","invalidateInfo":{"tags":["FPC"],"mode":"matchingTag"},"is_exception":false} []
[2019-06-24 07:12:18] main.DEBUG: cache_invalidate:  {"method":"GET","url":"http://127.0.1.1/venus/admin/admin/cache/index/key/319f334f7ad10f7d31521838323e5a3f567d3c2079472dac0560591af1b692df/","invalidateInfo":{"tags":["interception","CONFIG"],"mode":"matchingTag"},"is_exception":false} []
[2019-06-24 07:13:56] main.DEBUG: cache_invalidate:  {"method":"GET","url":"http:/","invalidateInfo":{"tags":["CONFIG"],"mode":"matchingTag"},"is_exception":false} []
[2019-06-24 07:13:56] main.DEBUG: cache_invalidate:  {"method":"GET","url":"http:/","invalidateInfo":{"tags":["LAYOUT_GENERAL_CACHE_TAG"],"mode":"matchingTag"},"is_exception":false} []
[2019-06-24 07:13:56] main.DEBUG: cache_invalidate:  {"method":"GET","url":"http:/","invalidateInfo":{"tags":["BLOCK_HTML"],"mode":"matchingTag"},"is_exception":false} []
[2019-06-24 07:13:56] main.DEBUG: cache_invalidate:  {"method":"GET","url":"http:/","invalidateInfo":{"tags":["COLLECTION_DATA"],"mode":"matchingTag"},"is_exception":false} []
[2019-06-24 07:13:56] main.DEBUG: cache_invalidate:  {"method":"GET","url":"http:/","invalidateInfo":{"tags":["REFLECTION"],"mode":"matchingTag"},"is_exception":false} []
[2019-06-24 07:13:56] main.DEBUG: cache_invalidate:  {"method":"GET","url":"http:/","invalidateInfo":{"tags":["DB_DDL"],"mode":"matchingTag"},"is_exception":false} []
[2019-06-24 07:13:56] main.DEBUG: cache_invalidate:  {"method":"GET","url":"http:/","invalidateInfo":{"tags":["EAV"],"mode":"matchingTag"},"is_exception":false} []
[2019-06-24 07:13:56] main.DEBUG: cache_invalidate:  {"method":"GET","url":"http:/","invalidateInfo":{"tags":["CUSTOMER_NOTIFICATION"],"mode":"matchingTag"},"is_exception":false} []
[2019-06-24 07:13:59] main.DEBUG: cache_invalidate:  {"method":"GET","url":"http:/","invalidateInfo":{"tags":["FPC"],"mode":"matchingTag"},"is_exception":false} []
[2019-06-24 07:13:59] main.DEBUG: cache_invalidate:  {"method":"GET","url":"http:/","invalidateInfo":{"tags":["INTEGRATION"],"mode":"matchingTag"},"is_exception":false} []
[2019-06-24 07:13:59] main.DEBUG: cache_invalidate:  {"method":"GET","url":"http:/","invalidateInfo":{"tags":["INTEGRATION_API_CONFIG"],"mode":"matchingTag"},"is_exception":false} []
[2019-06-24 07:13:59] main.DEBUG: cache_invalidate:  {"method":"GET","url":"http:/","invalidateInfo":{"tags":["TRANSLATE"],"mode":"matchingTag"},"is_exception":false} []
[2019-06-24 07:13:59] main.DEBUG: cache_invalidate:  {"method":"GET","url":"http:/","invalidateInfo":{"tags":["WEBSERVICE"],"mode":"matchingTag"},"is_exception":false} []
[2019-06-24 07:14:02] main.DEBUG: cache_invalidate:  {"method":"GET","url":"http:/","invalidateInfo":{"tags":["interception","CONFIG"],"mode":"matchingTag"},"is_exception":false} []
[2019-06-24 07:14:08] main.DEBUG: cache_invalidate:  {"method":"GET","url":"http:/","invalidateInfo":{"tags":["DB_DDL"],"mode":"matchingTag"},"is_exception":false} []
[2019-06-24 07:14:11] main.DEBUG: cache_invalidate:  {"method":"GET","url":"http:/","invalidateInfo":{"tags":["EAV","EAV_ATTRIBUTE"],"mode":"matchingAnyTag"},"is_exception":false} []
[2019-06-24 07:14:11] main.DEBUG: cache_invalidate:  {"method":"GET","url":"http:/","invalidateInfo":{"tags":["EAV","EAV_ATTRIBUTE"],"mode":"matchingAnyTag"},"is_exception":false} []
[2019-06-24 07:14:11] main.DEBUG: cache_invalidate:  {"method":"GET","url":"http:/","invalidateInfo":{"tags":["EAV","EAV_ATTRIBUTE"],"mode":"matchingAnyTag"},"is_exception":false} []
[2019-06-24 07:14:11] main.DEBUG: cache_invalidate:  {"method":"GET","url":"http:/","invalidateInfo":{"tags":["EAV","EAV_ATTRIBUTE"],"mode":"matchingAnyTag"},"is_exception":false} []
[2019-06-24 07:14:11] main.DEBUG: cache_invalidate:  {"method":"GET","url":"http:/","invalidateInfo":{"tags":["EAV_ATTRIBUTE"],"mode":"matchingAnyTag"},"is_exception":false} []
[2019-06-24 07:14:11] main.DEBUG: cache_invalidate:  {"method":"GET","url":"http:/","invalidateInfo":{"tags":["EAV_ATTRIBUTE_157","FPC"],"mode":"matchingTag"},"is_exception":false} []
[2019-06-24 07:14:11] main.DEBUG: cache_invalidate:  {"method":"GET","url":"http:/","invalidateInfo":{"tags":["EAV_ATTRIBUTE_157","FPC"],"mode":"matchingTag"},"is_exception":false} []
[2019-06-24 07:14:11] main.DEBUG: cache_invalidate:  {"method":"GET","url":"http:/","invalidateInfo":{"tags":["EAV_ATTRIBUTE_157"],"mode":"matchingTag"},"is_exception":false} []
[2019-06-24 07:14:11] main.DEBUG: cache_invalidate:  {"method":"GET","url":"http:/","invalidateInfo":{"tags":["EAV_ATTRIBUTE_157"],"mode":"matchingTag"},"is_exception":false} []
[2019-06-24 07:16:40] main.DEBUG: cache_invalidate:  {"method":"GET","url":"http:/","invalidateInfo":{"tags":[],"mode":"all"},"is_exception":false} []
[2019-06-24 07:16:40] main.DEBUG: cache_invalidate:  {"method":"GET","url":"http:/","invalidateInfo":{"tags":[],"mode":"all"},"is_exception":false} []
[2019-06-24 07:16:41] main.DEBUG: cache_invalidate:  {"method":"GET","url":"http:/","invalidateInfo":{"tags":["interception","CONFIG"],"mode":"matchingTag"},"is_exception":false} []
[2019-06-24 07:25:04] main.DEBUG: cache_invalidate:  {"method":"GET","url":"http:/","invalidateInfo":{"tags":["interception","CONFIG"],"mode":"matchingTag"},"is_exception":false} []
[2019-06-24 07:25:27] main.DEBUG: cache_invalidate:  {"method":"GET","url":"http:/","invalidateInfo":{"tags":["interception","CONFIG"],"mode":"matchingTag"},"is_exception":false} []
[2019-06-24 07:37:38] main.DEBUG: cache_invalidate:  {"method":"POST","url":"http://127.0.1.1/venus/customer/account/createpost/","invalidateInfo":{"tags":["wishlist_6","FPC"],"mode":"matchingTag"},"is_exception":false} []
[2019-06-24 07:37:38] main.DEBUG: cache_invalidate:  {"method":"POST","url":"http://127.0.1.1/venus/customer/account/createpost/","invalidateInfo":{"tags":["wishlist_6","FPC"],"mode":"matchingTag"},"is_exception":false} []
[2019-06-24 07:37:48] main.DEBUG: cache_invalidate:  {"method":"POST","url":"http://127.0.1.1/venus/themesettings/cart/","invalidateInfo":{"identifier":"notification_update_customer_session_6"},"is_exception":false} []
[2019-06-24 07:41:32] main.DEBUG: cache_invalidate:  {"method":"POST","url":"http://127.0.1.1/venus/rest/default/V1/carts/mine/payment-information","invalidateInfo":{"tags":["catalog_product_1158","FPC"],"mode":"matchingTag"},"is_exception":false} []
[2019-06-24 07:41:53] main.DEBUG: cache_invalidate:  {"method":"POST","url":"http://127.0.1.1/venus/themesettings/cart/","invalidateInfo":{"identifier":"notification_update_customer_session_6"},"is_exception":false} []
[2019-06-24 07:43:27] main.DEBUG: cache_invalidate:  {"method":"POST","url":"http://127.0.1.1/venus/admin/admin/system_config/save/section/payment/key/600af30eb84b2bbd6c01b9d7b3afdd8a0f0cf1ffbfa051b7707e1c378c7ffd8c/","invalidateInfo":{"tags":["config_scopes","CONFIG"],"mode":"matchingTag"},"is_exception":false} []
[2019-06-24 07:43:27] main.DEBUG: cache_invalidate:  {"method":"POST","url":"http://127.0.1.1/venus/admin/admin/system_config/save/section/payment/key/600af30eb84b2bbd6c01b9d7b3afdd8a0f0cf1ffbfa051b7707e1c378c7ffd8c/","invalidateInfo":{"tags":["config_scopes","CONFIG"],"mode":"matchingTag"},"is_exception":false} []
[2019-06-24 07:44:57] main.DEBUG: cache_invalidate:  {"method":"GET","url":"http://127.0.1.1/venus/admin/admin/cache/flushSystem/key/ea40f93f599cad1c2940aab4c990efb1de7f296d5b10f10bc26fbc4a85e678a7/","invalidateInfo":{"tags":[],"mode":"all"},"is_exception":false} []
[2019-06-24 07:44:57] main.DEBUG: cache_invalidate:  {"method":"GET","url":"http://127.0.1.1/venus/admin/admin/cache/flushSystem/key/ea40f93f599cad1c2940aab4c990efb1de7f296d5b10f10bc26fbc4a85e678a7/","invalidateInfo":{"tags":[],"mode":"all"},"is_exception":false} []
[2019-06-24 07:44:58] main.DEBUG: cache_invalidate:  {"method":"GET","url":"http://127.0.1.1/venus/admin/admin/cache/flushSystem/key/ea40f93f599cad1c2940aab4c990efb1de7f296d5b10f10bc26fbc4a85e678a7/","invalidateInfo":{"tags":["FPC"],"mode":"matchingTag"},"is_exception":false} []
[2019-06-24 07:44:58] main.DEBUG: cache_invalidate:  {"method":"GET","url":"http://127.0.1.1/venus/admin/admin/cache/index/key/319f334f7ad10f7d31521838323e5a3f567d3c2079472dac0560591af1b692df/","invalidateInfo":{"tags":["interception","CONFIG"],"mode":"matchingTag"},"is_exception":false} []
[2019-06-24 07:50:20] main.DEBUG: cache_invalidate:  {"method":"POST","url":"http://127.0.1.1/venus/sandboxseamless/","invalidateInfo":{"tags":["catalog_product_1158","FPC"],"mode":"matchingTag"},"is_exception":false} []
