[2019-06-24 07:37:32] main.CRITICAL: Zend_Mail_Transport_Exception: Unable to send mail. mail(): Failed to connect to mailserver at &quot;localhost&quot; port 25, verify your &quot;SMTP&quot; and &quot;smtp_port&quot; setting in php.ini or use ini_set() in C:\xampp704\htdocs\venus\vendor\magento\zendframework1\library\Zend\Mail\Transport\Sendmail.php:111
Stack trace:
#0 C:\xampp704\htdocs\venus\vendor\magento\zendframework1\library\Zend\Mail\Transport\Abstract.php(348): Zend_Mail_Transport_Sendmail->_sendMail()
#1 C:\xampp704\htdocs\venus\vendor\magento\framework\Mail\Transport.php(39): Zend_Mail_Transport_Abstract->send(Object(Magento\Framework\Mail\Message))
#2 C:\xampp704\htdocs\venus\vendor\magento\framework\Interception\Interceptor.php(74): Magento\Framework\Mail\Transport->sendMessage()
#3 C:\xampp704\htdocs\venus\vendor\magento\framework\Interception\Chain\Chain.php(70): Magento\Framework\Mail\Transport\Interceptor->___callParent('sendMessage', Array)
#4 C:\xampp704\htdocs\venus\vendor\magento\framework\Interception\Interceptor.php(138): Magento\Framework\Interception\Chain\Chain->invokeNext('Magento\\Framewo...', 'sendMessage', Object(Magento\Framework\Mail\Transport\Interceptor), Array, 'disableSending')
#5 C:\xampp704\htdocs\venus\vendor\magento\module-email\Model\Plugin\TransportInterfacePlugin.php(54): Magento\Framework\Mail\Transport\Interceptor->Magento\Framework\Interception\{closure}()
#6 C:\xampp704\htdocs\venus\vendor\magento\framework\Interception\Interceptor.php(142): Magento\Email\Model\Plugin\TransportInterfacePlugin->aroundSendMessage(Object(Magento\Framework\Mail\Transport\Interceptor), Object(Closure))
#7 C:\xampp704\htdocs\venus\var\generation\Magento\Framework\Mail\Transport\Interceptor.php(26): Magento\Framework\Mail\Transport\Interceptor->___callPlugins('sendMessage', Array, Array)
#8 C:\xampp704\htdocs\venus\vendor\magento\module-customer\Model\EmailNotification.php(239): Magento\Framework\Mail\Transport\Interceptor->sendMessage()
#9 C:\xampp704\htdocs\venus\vendor\magento\module-customer\Model\EmailNotification.php(361): Magento\Customer\Model\EmailNotification->sendEmailTemplate(Object(Magento\Customer\Model\Data\Customer), 'customer/create...', 'customer/create...', Array, 1)
#10 C:\xampp704\htdocs\venus\vendor\magento\module-customer\Model\AccountManagement.php(777): Magento\Customer\Model\EmailNotification->newAccount(Object(Magento\Customer\Model\Data\Customer), 'registered', NULL, 1)
#11 C:\xampp704\htdocs\venus\vendor\magento\module-customer\Model\AccountManagement.php(737): Magento\Customer\Model\AccountManagement->sendEmailConfirmation(Object(Magento\Customer\Model\Data\Customer), NULL)
#12 C:\xampp704\htdocs\venus\vendor\magento\module-customer\Model\AccountManagement.php(662): Magento\Customer\Model\AccountManagement->createAccountWithPasswordHash(Object(Magento\Customer\Model\Data\Customer), '7755936aff6d44f...', NULL)
#13 C:\xampp704\htdocs\venus\vendor\magento\module-customer\Controller\Account\CreatePost.php(290): Magento\Customer\Model\AccountManagement->createAccount(Object(Magento\Customer\Model\Data\Customer), '8H8dynnpan', NULL)
#14 C:\xampp704\htdocs\venus\vendor\magento\framework\App\Action\Action.php(102): Magento\Customer\Controller\Account\CreatePost->execute()
#15 C:\xampp704\htdocs\venus\vendor\magento\framework\Interception\Interceptor.php(74): Magento\Framework\App\Action\Action->dispatch(Object(Magento\Framework\App\Request\Http))
#16 C:\xampp704\htdocs\venus\vendor\magento\framework\Interception\Chain\Chain.php(70): Magento\Customer\Controller\Account\CreatePost\Interceptor->___callParent('dispatch', Array)
#17 C:\xampp704\htdocs\venus\vendor\magento\framework\Interception\Chain\Chain.php(63): Magento\Framework\Interception\Chain\Chain->invokeNext('Magento\\Custome...', 'dispatch', Object(Magento\Customer\Controller\Account\CreatePost\Interceptor), Array, 'contextPlugin')
#18 C:\xampp704\htdocs\venus\vendor\magento\module-store\App\Action\Plugin\Context.php(106): Magento\Framework\Interception\Chain\Chain->Magento\Framework\Interception\Chain\{closure}(Object(Magento\Framework\App\Request\Http))
#19 C:\xampp704\htdocs\venus\vendor\magento\framework\Interception\Chain\Chain.php(67): Magento\Store\App\Action\Plugin\Context->aroundDispatch(Object(Magento\Customer\Controller\Account\CreatePost\Interceptor), Object(Closure), Object(Magento\Framework\App\Request\Http))
#20 C:\xampp704\htdocs\venus\vendor\magento\framework\Interception\Chain\Chain.php(63): Magento\Framework\Interception\Chain\Chain->invokeNext('Magento\\Custome...', 'dispatch', Object(Magento\Customer\Controller\Account\CreatePost\Interceptor), Array, 'customer-app-ac...')
#21 C:\xampp704\htdocs\venus\vendor\magento\module-customer\Model\App\Action\ContextPlugin.php(61): Magento\Framework\Interception\Chain\Chain->Magento\Framework\Interception\Chain\{closure}(Object(Magento\Framework\App\Request\Http))
#22 C:\xampp704\htdocs\venus\vendor\magento\framework\Interception\Chain\Chain.php(67): Magento\Customer\Model\App\Action\ContextPlugin->aroundDispatch(Object(Magento\Customer\Controller\Account\CreatePost\Interceptor), Object(Closure), Object(Magento\Framework\App\Request\Http))
#23 C:\xampp704\htdocs\venus\vendor\magento\framework\Interception\Chain\Chain.php(63): Magento\Framework\Interception\Chain\Chain->invokeNext('Magento\\Custome...', 'dispatch', Object(Magento\Customer\Controller\Account\CreatePost\Interceptor), Array, 'storeCheck')
#24 C:\xampp704\htdocs\venus\vendor\magento\module-store\App\Action\Plugin\StoreCheck.php(44): Magento\Framework\Interception\Chain\Chain->Magento\Framework\Interception\Chain\{closure}(Object(Magento\Framework\App\Request\Http))
#25 C:\xampp704\htdocs\venus\vendor\magento\framework\Interception\Chain\Chain.php(67): Magento\Store\App\Action\Plugin\StoreCheck->aroundDispatch(Object(Magento\Customer\Controller\Account\CreatePost\Interceptor), Object(Closure), Object(Magento\Framework\App\Request\Http))
#26 C:\xampp704\htdocs\venus\vendor\magento\framework\Interception\Chain\Chain.php(63): Magento\Framework\Interception\Chain\Chain->invokeNext('Magento\\Custome...', 'dispatch', Object(Magento\Customer\Controller\Account\CreatePost\Interceptor), Array, 'customer_accoun...')
#27 C:\xampp704\htdocs\venus\vendor\magento\module-customer\Controller\Plugin\Account.php(60): Magento\Framework\Interception\Chain\Chain->Magento\Framework\Interception\Chain\{closure}(Object(Magento\Framework\App\Request\Http))
#28 C:\xampp704\htdocs\venus\vendor\magento\framework\Interception\Chain\Chain.php(67): Magento\Customer\Controller\Plugin\Account->aroundDispatch(Object(Magento\Customer\Controller\Account\CreatePost\Interceptor), Object(Closure), Object(Magento\Framework\App\Request\Http))
#29 C:\xampp704\htdocs\venus\vendor\magento\framework\Interception\Chain\Chain.php(63): Magento\Framework\Interception\Chain\Chain->invokeNext('Magento\\Custome...', 'dispatch', Object(Magento\Customer\Controller\Account\CreatePost\Interceptor), Array, 'weee-app-action...')
#30 C:\xampp704\htdocs\venus\vendor\magento\module-weee\Model\App\Action\ContextPlugin.php(112): Magento\Framework\Interception\Chain\Chain->Magento\Framework\Interception\Chain\{closure}(Object(Magento\Framework\App\Request\Http))
#31 C:\xampp704\htdocs\venus\vendor\magento\framework\Interception\Chain\Chain.php(67): Magento\Weee\Model\App\Action\ContextPlugin->aroundDispatch(Object(Magento\Customer\Controller\Account\CreatePost\Interceptor), Object(Closure), Object(Magento\Framework\App\Request\Http))
#32 C:\xampp704\htdocs\venus\vendor\magento\framework\Interception\Interceptor.php(138): Magento\Framework\Interception\Chain\Chain->invokeNext('Magento\\Custome...', 'dispatch', Object(Magento\Customer\Controller\Account\CreatePost\Interceptor), Array, 'tax-app-action-...')
#33 C:\xampp704\htdocs\venus\vendor\magento\module-tax\Model\App\Action\ContextPlugin.php(91): Magento\Customer\Controller\Account\CreatePost\Interceptor->Magento\Framework\Interception\{closure}(Object(Magento\Framework\App\Request\Http))
#34 C:\xampp704\htdocs\venus\vendor\magento\framework\Interception\Interceptor.php(142): Magento\Tax\Model\App\Action\ContextPlugin->aroundDispatch(Object(Magento\Customer\Controller\Account\CreatePost\Interceptor), Object(Closure), Object(Magento\Framework\App\Request\Http))
#35 C:\xampp704\htdocs\venus\var\generation\Magento\Customer\Controller\Account\CreatePost\Interceptor.php(26): Magento\Customer\Controller\Account\CreatePost\Interceptor->___callPlugins('dispatch', Array, Array)
#36 C:\xampp704\htdocs\venus\vendor\magento\framework\App\FrontController.php(55): Magento\Customer\Controller\Account\CreatePost\Interceptor->dispatch(Object(Magento\Framework\App\Request\Http))
#37 C:\xampp704\htdocs\venus\vendor\magento\framework\Interception\Interceptor.php(74): Magento\Framework\App\FrontController->dispatch(Object(Magento\Framework\App\Request\Http))
#38 C:\xampp704\htdocs\venus\vendor\magento\framework\Interception\Chain\Chain.php(70): Magento\Framework\App\FrontController\Interceptor->___callParent('dispatch', Array)
#39 C:\xampp704\htdocs\venus\vendor\magento\framework\Interception\Chain\Chain.php(63): Magento\Framework\Interception\Chain\Chain->invokeNext('Magento\\Framewo...', 'dispatch', Object(Magento\Framework\App\FrontController\Interceptor), Array, 'requestPreproce...')
#40 C:\xampp704\htdocs\venus\vendor\magento\module-store\App\FrontController\Plugin\RequestPreprocessor.php(94): Magento\Framework\Interception\Chain\Chain->Magento\Framework\Interception\Chain\{closure}(Object(Magento\Framework\App\Request\Http))
#41 C:\xampp704\htdocs\venus\vendor\magento\framework\Interception\Chain\Chain.php(67): Magento\Store\App\FrontController\Plugin\RequestPreprocessor->aroundDispatch(Object(Magento\Framework\App\FrontController\Interceptor), Object(Closure), Object(Magento\Framework\App\Request\Http))
#42 C:\xampp704\htdocs\venus\vendor\magento\framework\Interception\Chain\Chain.php(63): Magento\Framework\Interception\Chain\Chain->invokeNext('Magento\\Framewo...', 'dispatch', Object(Magento\Framework\App\FrontController\Interceptor), Array, 'install')
#43 C:\xampp704\htdocs\venus\vendor\magento\framework\Module\Plugin\DbStatusValidator.php(69): Magento\Framework\Interception\Chain\Chain->Magento\Framework\Interception\Chain\{closure}(Object(Magento\Framework\App\Request\Http))
#44 C:\xampp704\htdocs\venus\vendor\magento\framework\Interception\Chain\Chain.php(67): Magento\Framework\Module\Plugin\DbStatusValidator->aroundDispatch(Object(Magento\Framework\App\FrontController\Interceptor), Object(Closure), Object(Magento\Framework\App\Request\Http))
#45 C:\xampp704\htdocs\venus\vendor\magento\framework\Interception\Chain\Chain.php(63): Magento\Framework\Interception\Chain\Chain->invokeNext('Magento\\Framewo...', 'dispatch', Object(Magento\Framework\App\FrontController\Interceptor), Array, 'front-controlle...')
#46 C:\xampp704\htdocs\venus\vendor\magento\module-page-cache\Model\App\FrontController\VarnishPlugin.php(55): Magento\Framework\Interception\Chain\Chain->Magento\Framework\Interception\Chain\{closure}(Object(Magento\Framework\App\Request\Http))
#47 C:\xampp704\htdocs\venus\vendor\magento\framework\Interception\Chain\Chain.php(67): Magento\PageCache\Model\App\FrontController\VarnishPlugin->aroundDispatch(Object(Magento\Framework\App\FrontController\Interceptor), Object(Closure), Object(Magento\Framework\App\Request\Http))
#48 C:\xampp704\htdocs\venus\vendor\magento\framework\Interception\Interceptor.php(138): Magento\Framework\Interception\Chain\Chain->invokeNext('Magento\\Framewo...', 'dispatch', Object(Magento\Framework\App\FrontController\Interceptor), Array, 'front-controlle...')
#49 C:\xampp704\htdocs\venus\vendor\magento\module-page-cache\Model\App\FrontController\BuiltinPlugin.php(73): Magento\Framework\App\FrontController\Interceptor->Magento\Framework\Interception\{closure}(Object(Magento\Framework\App\Request\Http))
#50 C:\xampp704\htdocs\venus\vendor\magento\framework\Interception\Interceptor.php(142): Magento\PageCache\Model\App\FrontController\BuiltinPlugin->aroundDispatch(Object(Magento\Framework\App\FrontController\Interceptor), Object(Closure), Object(Magento\Framework\App\Request\Http))
#51 C:\xampp704\htdocs\venus\var\generation\Magento\Framework\App\FrontController\Interceptor.php(26): Magento\Framework\App\FrontController\Interceptor->___callPlugins('dispatch', Array, Array)
#52 C:\xampp704\htdocs\venus\vendor\magento\framework\App\Http.php(135): Magento\Framework\App\FrontController\Interceptor->dispatch(Object(Magento\Framework\App\Request\Http))
#53 C:\xampp704\htdocs\venus\vendor\magento\framework\App\Bootstrap.php(258): Magento\Framework\App\Http->launch()
#54 C:\xampp704\htdocs\venus\index.php(39): Magento\Framework\App\Bootstrap->run(Object(Magento\Framework\App\Http))
#55 {main}

Next Magento\Framework\Exception\MailException: Unable to send mail. mail(): Failed to connect to mailserver at &quot;localhost&quot; port 25, verify your &quot;SMTP&quot; and &quot;smtp_port&quot; setting in php.ini or use ini_set() in C:\xampp704\htdocs\venus\vendor\magento\framework\Mail\Transport.php:41
Stack trace:
#0 C:\xampp704\htdocs\venus\vendor\magento\framework\Interception\Interceptor.php(74): Magento\Framework\Mail\Transport->sendMessage()
#1 C:\xampp704\htdocs\venus\vendor\magento\framework\Interception\Chain\Chain.php(70): Magento\Framework\Mail\Transport\Interceptor->___callParent('sendMessage', Array)
#2 C:\xampp704\htdocs\venus\vendor\magento\framework\Interception\Interceptor.php(138): Magento\Framework\Interception\Chain\Chain->invokeNext('Magento\\Framewo...', 'sendMessage', Object(Magento\Framework\Mail\Transport\Interceptor), Array, 'disableSending')
#3 C:\xampp704\htdocs\venus\vendor\magento\module-email\Model\Plugin\TransportInterfacePlugin.php(54): Magento\Framework\Mail\Transport\Interceptor->Magento\Framework\Interception\{closure}()
#4 C:\xampp704\htdocs\venus\vendor\magento\framework\Interception\Interceptor.php(142): Magento\Email\Model\Plugin\TransportInterfacePlugin->aroundSendMessage(Object(Magento\Framework\Mail\Transport\Interceptor), Object(Closure))
#5 C:\xampp704\htdocs\venus\var\generation\Magento\Framework\Mail\Transport\Interceptor.php(26): Magento\Framework\Mail\Transport\Interceptor->___callPlugins('sendMessage', Array, Array)
#6 C:\xampp704\htdocs\venus\vendor\magento\module-customer\Model\EmailNotification.php(239): Magento\Framework\Mail\Transport\Interceptor->sendMessage()
#7 C:\xampp704\htdocs\venus\vendor\magento\module-customer\Model\EmailNotification.php(361): Magento\Customer\Model\EmailNotification->sendEmailTemplate(Object(Magento\Customer\Model\Data\Customer), 'customer/create...', 'customer/create...', Array, 1)
#8 C:\xampp704\htdocs\venus\vendor\magento\module-customer\Model\AccountManagement.php(777): Magento\Customer\Model\EmailNotification->newAccount(Object(Magento\Customer\Model\Data\Customer), 'registered', NULL, 1)
#9 C:\xampp704\htdocs\venus\vendor\magento\module-customer\Model\AccountManagement.php(737): Magento\Customer\Model\AccountManagement->sendEmailConfirmation(Object(Magento\Customer\Model\Data\Customer), NULL)
#10 C:\xampp704\htdocs\venus\vendor\magento\module-customer\Model\AccountManagement.php(662): Magento\Customer\Model\AccountManagement->createAccountWithPasswordHash(Object(Magento\Customer\Model\Data\Customer), '7755936aff6d44f...', NULL)
#11 C:\xampp704\htdocs\venus\vendor\magento\module-customer\Controller\Account\CreatePost.php(290): Magento\Customer\Model\AccountManagement->createAccount(Object(Magento\Customer\Model\Data\Customer), '8H8dynnpan', NULL)
#12 C:\xampp704\htdocs\venus\vendor\magento\framework\App\Action\Action.php(102): Magento\Customer\Controller\Account\CreatePost->execute()
#13 C:\xampp704\htdocs\venus\vendor\magento\framework\Interception\Interceptor.php(74): Magento\Framework\App\Action\Action->dispatch(Object(Magento\Framework\App\Request\Http))
#14 C:\xampp704\htdocs\venus\vendor\magento\framework\Interception\Chain\Chain.php(70): Magento\Customer\Controller\Account\CreatePost\Interceptor->___callParent('dispatch', Array)
#15 C:\xampp704\htdocs\venus\vendor\magento\framework\Interception\Chain\Chain.php(63): Magento\Framework\Interception\Chain\Chain->invokeNext('Magento\\Custome...', 'dispatch', Object(Magento\Customer\Controller\Account\CreatePost\Interceptor), Array, 'contextPlugin')
#16 C:\xampp704\htdocs\venus\vendor\magento\module-store\App\Action\Plugin\Context.php(106): Magento\Framework\Interception\Chain\Chain->Magento\Framework\Interception\Chain\{closure}(Object(Magento\Framework\App\Request\Http))
#17 C:\xampp704\htdocs\venus\vendor\magento\framework\Interception\Chain\Chain.php(67): Magento\Store\App\Action\Plugin\Context->aroundDispatch(Object(Magento\Customer\Controller\Account\CreatePost\Interceptor), Object(Closure), Object(Magento\Framework\App\Request\Http))
#18 C:\xampp704\htdocs\venus\vendor\magento\framework\Interception\Chain\Chain.php(63): Magento\Framework\Interception\Chain\Chain->invokeNext('Magento\\Custome...', 'dispatch', Object(Magento\Customer\Controller\Account\CreatePost\Interceptor), Array, 'customer-app-ac...')
#19 C:\xampp704\htdocs\venus\vendor\magento\module-customer\Model\App\Action\ContextPlugin.php(61): Magento\Framework\Interception\Chain\Chain->Magento\Framework\Interception\Chain\{closure}(Object(Magento\Framework\App\Request\Http))
#20 C:\xampp704\htdocs\venus\vendor\magento\framework\Interception\Chain\Chain.php(67): Magento\Customer\Model\App\Action\ContextPlugin->aroundDispatch(Object(Magento\Customer\Controller\Account\CreatePost\Interceptor), Object(Closure), Object(Magento\Framework\App\Request\Http))
#21 C:\xampp704\htdocs\venus\vendor\magento\framework\Interception\Chain\Chain.php(63): Magento\Framework\Interception\Chain\Chain->invokeNext('Magento\\Custome...', 'dispatch', Object(Magento\Customer\Controller\Account\CreatePost\Interceptor), Array, 'storeCheck')
#22 C:\xampp704\htdocs\venus\vendor\magento\module-store\App\Action\Plugin\StoreCheck.php(44): Magento\Framework\Interception\Chain\Chain->Magento\Framework\Interception\Chain\{closure}(Object(Magento\Framework\App\Request\Http))
#23 C:\xampp704\htdocs\venus\vendor\magento\framework\Interception\Chain\Chain.php(67): Magento\Store\App\Action\Plugin\StoreCheck->aroundDispatch(Object(Magento\Customer\Controller\Account\CreatePost\Interceptor), Object(Closure), Object(Magento\Framework\App\Request\Http))
#24 C:\xampp704\htdocs\venus\vendor\magento\framework\Interception\Chain\Chain.php(63): Magento\Framework\Interception\Chain\Chain->invokeNext('Magento\\Custome...', 'dispatch', Object(Magento\Customer\Controller\Account\CreatePost\Interceptor), Array, 'customer_accoun...')
#25 C:\xampp704\htdocs\venus\vendor\magento\module-customer\Controller\Plugin\Account.php(60): Magento\Framework\Interception\Chain\Chain->Magento\Framework\Interception\Chain\{closure}(Object(Magento\Framework\App\Request\Http))
#26 C:\xampp704\htdocs\venus\vendor\magento\framework\Interception\Chain\Chain.php(67): Magento\Customer\Controller\Plugin\Account->aroundDispatch(Object(Magento\Customer\Controller\Account\CreatePost\Interceptor), Object(Closure), Object(Magento\Framework\App\Request\Http))
#27 C:\xampp704\htdocs\venus\vendor\magento\framework\Interception\Chain\Chain.php(63): Magento\Framework\Interception\Chain\Chain->invokeNext('Magento\\Custome...', 'dispatch', Object(Magento\Customer\Controller\Account\CreatePost\Interceptor), Array, 'weee-app-action...')
#28 C:\xampp704\htdocs\venus\vendor\magento\module-weee\Model\App\Action\ContextPlugin.php(112): Magento\Framework\Interception\Chain\Chain->Magento\Framework\Interception\Chain\{closure}(Object(Magento\Framework\App\Request\Http))
#29 C:\xampp704\htdocs\venus\vendor\magento\framework\Interception\Chain\Chain.php(67): Magento\Weee\Model\App\Action\ContextPlugin->aroundDispatch(Object(Magento\Customer\Controller\Account\CreatePost\Interceptor), Object(Closure), Object(Magento\Framework\App\Request\Http))
#30 C:\xampp704\htdocs\venus\vendor\magento\framework\Interception\Interceptor.php(138): Magento\Framework\Interception\Chain\Chain->invokeNext('Magento\\Custome...', 'dispatch', Object(Magento\Customer\Controller\Account\CreatePost\Interceptor), Array, 'tax-app-action-...')
#31 C:\xampp704\htdocs\venus\vendor\magento\module-tax\Model\App\Action\ContextPlugin.php(91): Magento\Customer\Controller\Account\CreatePost\Interceptor->Magento\Framework\Interception\{closure}(Object(Magento\Framework\App\Request\Http))
#32 C:\xampp704\htdocs\venus\vendor\magento\framework\Interception\Interceptor.php(142): Magento\Tax\Model\App\Action\ContextPlugin->aroundDispatch(Object(Magento\Customer\Controller\Account\CreatePost\Interceptor), Object(Closure), Object(Magento\Framework\App\Request\Http))
#33 C:\xampp704\htdocs\venus\var\generation\Magento\Customer\Controller\Account\CreatePost\Interceptor.php(26): Magento\Customer\Controller\Account\CreatePost\Interceptor->___callPlugins('dispatch', Array, Array)
#34 C:\xampp704\htdocs\venus\vendor\magento\framework\App\FrontController.php(55): Magento\Customer\Controller\Account\CreatePost\Interceptor->dispatch(Object(Magento\Framework\App\Request\Http))
#35 C:\xampp704\htdocs\venus\vendor\magento\framework\Interception\Interceptor.php(74): Magento\Framework\App\FrontController->dispatch(Object(Magento\Framework\App\Request\Http))
#36 C:\xampp704\htdocs\venus\vendor\magento\framework\Interception\Chain\Chain.php(70): Magento\Framework\App\FrontController\Interceptor->___callParent('dispatch', Array)
#37 C:\xampp704\htdocs\venus\vendor\magento\framework\Interception\Chain\Chain.php(63): Magento\Framework\Interception\Chain\Chain->invokeNext('Magento\\Framewo...', 'dispatch', Object(Magento\Framework\App\FrontController\Interceptor), Array, 'requestPreproce...')
#38 C:\xampp704\htdocs\venus\vendor\magento\module-store\App\FrontController\Plugin\RequestPreprocessor.php(94): Magento\Framework\Interception\Chain\Chain->Magento\Framework\Interception\Chain\{closure}(Object(Magento\Framework\App\Request\Http))
#39 C:\xampp704\htdocs\venus\vendor\magento\framework\Interception\Chain\Chain.php(67): Magento\Store\App\FrontController\Plugin\RequestPreprocessor->aroundDispatch(Object(Magento\Framework\App\FrontController\Interceptor), Object(Closure), Object(Magento\Framework\App\Request\Http))
#40 C:\xampp704\htdocs\venus\vendor\magento\framework\Interception\Chain\Chain.php(63): Magento\Framework\Interception\Chain\Chain->invokeNext('Magento\\Framewo...', 'dispatch', Object(Magento\Framework\App\FrontController\Interceptor), Array, 'install')
#41 C:\xampp704\htdocs\venus\vendor\magento\framework\Module\Plugin\DbStatusValidator.php(69): Magento\Framework\Interception\Chain\Chain->Magento\Framework\Interception\Chain\{closure}(Object(Magento\Framework\App\Request\Http))
#42 C:\xampp704\htdocs\venus\vendor\magento\framework\Interception\Chain\Chain.php(67): Magento\Framework\Module\Plugin\DbStatusValidator->aroundDispatch(Object(Magento\Framework\App\FrontController\Interceptor), Object(Closure), Object(Magento\Framework\App\Request\Http))
#43 C:\xampp704\htdocs\venus\vendor\magento\framework\Interception\Chain\Chain.php(63): Magento\Framework\Interception\Chain\Chain->invokeNext('Magento\\Framewo...', 'dispatch', Object(Magento\Framework\App\FrontController\Interceptor), Array, 'front-controlle...')
#44 C:\xampp704\htdocs\venus\vendor\magento\module-page-cache\Model\App\FrontController\VarnishPlugin.php(55): Magento\Framework\Interception\Chain\Chain->Magento\Framework\Interception\Chain\{closure}(Object(Magento\Framework\App\Request\Http))
#45 C:\xampp704\htdocs\venus\vendor\magento\framework\Interception\Chain\Chain.php(67): Magento\PageCache\Model\App\FrontController\VarnishPlugin->aroundDispatch(Object(Magento\Framework\App\FrontController\Interceptor), Object(Closure), Object(Magento\Framework\App\Request\Http))
#46 C:\xampp704\htdocs\venus\vendor\magento\framework\Interception\Interceptor.php(138): Magento\Framework\Interception\Chain\Chain->invokeNext('Magento\\Framewo...', 'dispatch', Object(Magento\Framework\App\FrontController\Interceptor), Array, 'front-controlle...')
#47 C:\xampp704\htdocs\venus\vendor\magento\module-page-cache\Model\App\FrontController\BuiltinPlugin.php(73): Magento\Framework\App\FrontController\Interceptor->Magento\Framework\Interception\{closure}(Object(Magento\Framework\App\Request\Http))
#48 C:\xampp704\htdocs\venus\vendor\magento\framework\Interception\Interceptor.php(142): Magento\PageCache\Model\App\FrontController\BuiltinPlugin->aroundDispatch(Object(Magento\Framework\App\FrontController\Interceptor), Object(Closure), Object(Magento\Framework\App\Request\Http))
#49 C:\xampp704\htdocs\venus\var\generation\Magento\Framework\App\FrontController\Interceptor.php(26): Magento\Framework\App\FrontController\Interceptor->___callPlugins('dispatch', Array, Array)
#50 C:\xampp704\htdocs\venus\vendor\magento\framework\App\Http.php(135): Magento\Framework\App\FrontController\Interceptor->dispatch(Object(Magento\Framework\App\Request\Http))
#51 C:\xampp704\htdocs\venus\vendor\magento\framework\App\Bootstrap.php(258): Magento\Framework\App\Http->launch()
#52 C:\xampp704\htdocs\venus\index.php(39): Magento\Framework\App\Bootstrap->run(Object(Magento\Framework\App\Http))
#53 {main} [] []
